<?xml version="1.0" encoding="UTF-8"?>
<!-- Generated by org.testng.reporters.JUnitXMLReporter -->
<testsuite hostname="LAPTOP-EMIQ8BEQ" ignored="0" name="Default test" tests="5" failures="0" timestamp="2020-09-29T19:04:43 PDT" time="21.631" errors="0">
  <testcase name="signupTestID02A" time="5.918" classname="com.Xero.TestCases.signUpTest"/>
  <testcase name="signupTestID02B" time="3.456" classname="com.Xero.TestCases.signUpTest"/>
  <testcase name="signupTestID02C" time="5.54" classname="com.Xero.TestCases.signUpTest"/>
  <testcase name="signupTestID02D" time="3.141" classname="com.Xero.TestCases.signUpTest"/>
  <testcase name="signupTestID02E" time="2.287" classname="com.Xero.TestCases.signUpTest"/>
</testsuite> <!-- Default test -->
