<?xml version="1.0" encoding="UTF-8"?>
<testng-results skipped="0" failed="0" ignored="0" total="1" passed="1">
  <reporter-output>
  </reporter-output>
  <suite name="Default suite" duration-ms="16910" started-at="2020-09-30T23:55:50 PDT" finished-at="2020-09-30T23:56:07 PDT">
    <groups>
    </groups>
    <test name="Default test" duration-ms="16910" started-at="2020-09-30T23:55:50 PDT" finished-at="2020-09-30T23:56:07 PDT">
      <class name="com.Xero.TestCases.uploadUserProfileImageTest">
        <test-method status="PASS" signature="launchBrowser()[pri:0, instance:com.Xero.TestCases.uploadUserProfileImageTest@536aaa8d]" name="launchBrowser" is-config="true" duration-ms="11083" started-at="2020-09-30T23:55:39 PDT" finished-at="2020-09-30T23:55:50 PDT">
          <reporter-output>
          </reporter-output>
        </test-method> <!-- launchBrowser -->
        <test-method status="PASS" signature="triggerDependency()[pri:0, instance:com.Xero.TestCases.uploadUserProfileImageTest@536aaa8d]" name="triggerDependency" is-config="true" duration-ms="30" started-at="2020-09-30T23:55:50 PDT" finished-at="2020-09-30T23:55:50 PDT">
          <reporter-output>
          </reporter-output>
        </test-method> <!-- triggerDependency -->
        <test-method status="PASS" signature="loginTabClick()[pri:0, instance:com.Xero.TestCases.uploadUserProfileImageTest@536aaa8d]" name="loginTabClick" is-config="true" duration-ms="8082" started-at="2020-09-30T23:55:50 PDT" finished-at="2020-09-30T23:55:59 PDT">
          <reporter-output>
          </reporter-output>
        </test-method> <!-- loginTabClick -->
        <test-method status="PASS" signature="uplaodImage()[pri:0, instance:com.Xero.TestCases.uploadUserProfileImageTest@536aaa8d]" name="uplaodImage" duration-ms="8754" started-at="2020-09-30T23:55:59 PDT" finished-at="2020-09-30T23:56:07 PDT">
          <reporter-output>
          </reporter-output>
        </test-method> <!-- uplaodImage -->
        <test-method status="PASS" signature="CloseBrowser()[pri:0, instance:com.Xero.TestCases.uploadUserProfileImageTest@536aaa8d]" name="CloseBrowser" is-config="true" duration-ms="261" started-at="2020-09-30T23:56:07 PDT" finished-at="2020-09-30T23:56:08 PDT">
          <reporter-output>
          </reporter-output>
        </test-method> <!-- CloseBrowser -->
      </class> <!-- com.Xero.TestCases.uploadUserProfileImageTest -->
    </test> <!-- Default test -->
  </suite> <!-- Default suite -->
</testng-results>
